npm verb cli /opt/homebrew/Cellar/node/21.7.3/bin/node /opt/homebrew/bin/npm
npm info using npm@10.5.0
npm info using node@v21.7.3
npm verb title npm install
npm verb argv "install" "--legacy-peer-deps" "--loglevel" "verbose"
npm verb logfile logs-max:10 dir:/Users/kai/.npm/_logs/2024-08-11T04_11_07_597Z-
npm verb logfile /Users/kai/.npm/_logs/2024-08-11T04_11_07_597Z-debug-0.log
npm http fetch GET 200 https://registry.npmjs.org/cypress-mochawesome-reporter 759ms (cache revalidated)
npm http fetch GET 200 https://registry.npmjs.org/browserstack-cypress-cli 605ms (cache revalidated)
npm http fetch GET 200 https://registry.npmjs.org/cypress 59ms (cache revalidated)
npm http fetch GET 200 https://registry.npmjs.org/async 48ms (cache revalidated)
npm http fetch GET 200 https://registry.npmjs.org/fs-extra 109ms (cache revalidated)
npm http fetch GET 200 https://registry.npmjs.org/archiver 120ms (cache revalidated)
npm http fetch GET 200 https://registry.npmjs.org/chalk 124ms (cache revalidated)
npm http fetch GET 200 https://registry.npmjs.org/gitconfiglocal 44ms (cache revalidated)
npm http fetch GET 200 https://registry.npmjs.org/glob 51ms (cache revalidated)
npm http fetch GET 200 https://registry.npmjs.org/mocha 56ms (cache revalidated)
npm http fetch GET 200 https://registry.npmjs.org/mkdirp 68ms (cache revalidated)
npm http fetch GET 200 https://registry.npmjs.org/node-ipc 252ms (cache revalidated)
npm http fetch GET 200 https://registry.npmjs.org/requestretry 53ms (cache revalidated)
npm http fetch GET 200 https://registry.npmjs.org/table 56ms (cache revalidated)
npm http fetch GET 200 https://registry.npmjs.org/cli-progress 663ms (cache revalidated)
npm http fetch GET 200 https://registry.npmjs.org/browserstack-local 669ms (cache revalidated)
npm http fetch GET 200 https://registry.npmjs.org/getmac 673ms (cache revalidated)
npm http fetch GET 200 https://registry.npmjs.org/git-last-commit 647ms (cache revalidated)
npm http fetch GET 200 https://registry.npmjs.org/git-repo-info 588ms (cache revalidated)
npm http fetch GET 200 https://registry.npmjs.org/uuid 45ms (cache revalidated)
npm http fetch GET 200 https://registry.npmjs.org/windows-release 48ms (cache revalidated)
npm http fetch GET 200 https://registry.npmjs.org/yargs 43ms (cache revalidated)
npm http fetch GET 200 https://registry.npmjs.org/tmp 40ms (cache revalidated)
npm http fetch GET 200 https://registry.npmjs.org/winston 75ms (cache revalidated)
npm http fetch GET 200 https://registry.npmjs.org/arch 46ms (cache revalidated)
npm http fetch GET 200 https://registry.npmjs.org/debug 32ms (cache revalidated)
npm http fetch GET 200 https://registry.npmjs.org/dayjs 42ms (cache revalidated)
npm http fetch GET 200 https://registry.npmjs.org/execa 38ms (cache revalidated)
npm http fetch GET 200 https://registry.npmjs.org/request 604ms (cache revalidated)
npm http fetch GET 200 https://registry.npmjs.org/buffer 61ms (cache revalidated)
npm http fetch GET 200 https://registry.npmjs.org/lodash 55ms (cache revalidated)
npm http fetch GET 200 https://registry.npmjs.org/update-notifier 617ms (cache revalidated)
npm http fetch GET 200 https://registry.npmjs.org/semver 40ms (cache revalidated)
npm http fetch GET 200 https://registry.npmjs.org/decompress 619ms (cache revalidated)
npm http fetch GET 200 https://registry.npmjs.org/process 41ms (cache revalidated)
npm http fetch GET 200 https://registry.npmjs.org/is-ci 601ms (cache revalidated)
npm http fetch GET 200 https://registry.npmjs.org/yauzl 599ms (cache revalidated)
npm http fetch GET 200 https://registry.npmjs.org/bluebird 47ms (cache revalidated)
npm http fetch GET 200 https://registry.npmjs.org/getos 651ms (cache revalidated)
npm http fetch GET 200 https://registry.npmjs.org/enquirer 40ms (cache revalidated)
npm http fetch GET 200 https://registry.npmjs.org/minimist 36ms (cache revalidated)
npm http fetch GET 200 https://registry.npmjs.org/commander 38ms (cache revalidated)
npm http fetch GET 200 https://registry.npmjs.org/listr2 645ms (cache revalidated)
npm http fetch GET 200 https://registry.npmjs.org/ospath 607ms (cache revalidated)
npm http fetch GET 200 https://registry.npmjs.org/untildify 33ms (cache revalidated)
npm http fetch GET 200 https://registry.npmjs.org/cli-cursor 37ms (cache revalidated)
npm http fetch GET 200 https://registry.npmjs.org/lazy-ass 241ms (cache revalidated)
npm http fetch GET 200 https://registry.npmjs.org/common-tags 245ms (cache revalidated)
npm http fetch GET 200 https://registry.npmjs.org/log-symbols 49ms (cache revalidated)
npm http fetch GET 200 https://registry.npmjs.org/figures 617ms (cache revalidated)
npm http fetch GET 200 https://registry.npmjs.org/pretty-bytes 51ms (cache revalidated)
npm http fetch GET 200 https://registry.npmjs.org/cachedir 629ms (cache revalidated)
npm http fetch GET 200 https://registry.npmjs.org/blob-util 620ms (cache revalidated)
npm http fetch GET 200 https://registry.npmjs.org/eventemitter2 50ms (cache revalidated)
npm http fetch GET 200 https://registry.npmjs.org/supports-color 34ms (cache revalidated)
npm http fetch GET 200 https://registry.npmjs.org/cli-table3 594ms (cache revalidated)
npm http fetch GET 200 https://registry.npmjs.org/proxy-from-env 73ms (cache revalidated)
npm http fetch GET 200 https://registry.npmjs.org/executable 596ms (cache revalidated)
npm http fetch GET 200 https://registry.npmjs.org/is-installed-globally 51ms (cache revalidated)
npm http fetch GET 200 https://registry.npmjs.org/request-progress 57ms (cache revalidated)
npm http fetch GET 200 https://registry.npmjs.org/extract-zip 632ms (cache revalidated)
npm http fetch GET 200 https://registry.npmjs.org/check-more-types 609ms (cache revalidated)
npm http fetch GET 200 https://registry.npmjs.org/mochawesome 604ms (cache revalidated)
npm http fetch GET 200 https://registry.npmjs.org/@cypress%2frequest 692ms (cache revalidated)
npm http fetch GET 200 https://registry.npmjs.org/mochawesome-merge 651ms (cache revalidated)
npm http fetch GET 200 https://registry.npmjs.org/@types%2fsizzle 1165ms (cache revalidated)
npm http fetch GET 200 https://registry.npmjs.org/@cypress%2fxvfb 1269ms (cache revalidated)
npm http fetch GET 200 https://registry.npmjs.org/@types%2fsinonjs__fake-timers 1168ms (cache revalidated)
npm http fetch GET 200 https://registry.npmjs.org/mochawesome-report-generator 632ms (cache revalidated)
npm http fetch GET 200 https://registry.npmjs.org/zip-stream 38ms (cache revalidated)
npm http fetch GET 200 https://registry.npmjs.org/readable-stream 51ms (cache revalidated)
npm http fetch GET 200 https://registry.npmjs.org/buffer-crc32 55ms (cache revalidated)
npm http fetch GET 200 https://registry.npmjs.org/tar-stream 58ms (cache revalidated)
npm http fetch GET 200 https://registry.npmjs.org/archiver-utils 61ms (cache revalidated)
npm http fetch GET 200 https://registry.npmjs.org/https-proxy-agent 61ms (cache revalidated)
npm http fetch GET 200 https://registry.npmjs.org/ansi-styles 42ms (cache revalidated)
npm http fetch GET 200 https://registry.npmjs.org/string-width 41ms (cache revalidated)
npm http fetch GET 200 https://registry.npmjs.org/agent-base 52ms (cache revalidated)
npm http fetch GET 200 https://registry.npmjs.org/is-running 600ms (cache revalidated)
npm http fetch GET 200 https://registry.npmjs.org/ps-tree 597ms (cache revalidated)
npm http fetch GET 200 https://registry.npmjs.org/temp-fs 597ms (cache revalidated)
npm http fetch GET 200 https://registry.npmjs.org/readdir-glob 660ms (cache revalidated)
npm http fetch GET 200 https://registry.npmjs.org/graceful-fs 35ms (cache revalidated)
npm http fetch GET 200 https://registry.npmjs.org/make-dir 37ms (cache revalidated)
npm http fetch GET 200 https://registry.npmjs.org/decompress-tarbz2 600ms (cache revalidated)
npm http fetch GET 200 https://registry.npmjs.org/pify 47ms (cache revalidated)
npm http fetch GET 200 https://registry.npmjs.org/decompress-tar 605ms (cache revalidated)
npm http fetch GET 200 https://registry.npmjs.org/jsonfile 37ms (cache revalidated)
npm http fetch GET 200 https://registry.npmjs.org/universalify 58ms (cache revalidated)
npm http fetch GET 200 https://registry.npmjs.org/ini 58ms (cache revalidated)
npm http fetch GET 200 https://registry.npmjs.org/decompress-targz 657ms (cache revalidated)
npm http fetch GET 200 https://registry.npmjs.org/once 41ms (cache revalidated)
npm http fetch GET 200 https://registry.npmjs.org/@types%2fnode 76ms (cache revalidated)
npm http fetch GET 200 https://registry.npmjs.org/inflight 83ms (cache revalidated)
npm http fetch GET 200 https://registry.npmjs.org/inherits 114ms (cache revalidated)
npm http fetch GET 200 https://registry.npmjs.org/ansi-colors 38ms (cache revalidated)
npm http fetch GET 200 https://registry.npmjs.org/path-is-absolute 53ms (cache revalidated)
npm http fetch GET 200 https://registry.npmjs.org/chokidar 36ms (cache revalidated)
npm http fetch GET 200 https://registry.npmjs.org/diff 36ms (cache revalidated)
npm http fetch GET 200 https://registry.npmjs.org/escape-string-regexp 59ms (cache revalidated)
npm http fetch GET 200 https://registry.npmjs.org/find-up 55ms (cache revalidated)
npm http fetch GET 200 https://registry.npmjs.org/js-yaml 34ms (cache revalidated)
npm http fetch GET 200 https://registry.npmjs.org/minimatch 34ms (cache revalidated)
npm http fetch GET 200 https://registry.npmjs.org/he 96ms (cache revalidated)
npm http fetch GET 200 https://registry.npmjs.org/ms 34ms (cache revalidated)
npm http fetch GET 200 https://registry.npmjs.org/serialize-javascript 36ms (cache revalidated)
npm http fetch GET 200 https://registry.npmjs.org/strip-json-comments 49ms (cache revalidated)
npm http fetch GET 200 https://registry.npmjs.org/yargs-parser 56ms (cache revalidated)
npm http fetch GET 200 https://registry.npmjs.org/decompress-unzip 594ms (cache revalidated)
npm http fetch GET 200 https://registry.npmjs.org/event-pubsub 35ms (cache revalidated)
npm http fetch GET 200 https://registry.npmjs.org/strip-dirs 633ms (cache revalidated)
npm http fetch GET 200 https://registry.npmjs.org/js-message 62ms (cache revalidated)
npm http fetch GET 200 https://registry.npmjs.org/aws-sign2 51ms (cache revalidated)
npm http fetch GET 200 https://registry.npmjs.org/minimatch 674ms (cache revalidated)
npm http fetch GET 200 https://registry.npmjs.org/aws4 62ms (cache revalidated)
npm http fetch GET 200 https://registry.npmjs.org/fs.realpath 680ms (cache revalidated)
npm http fetch GET 200 https://registry.npmjs.org/combined-stream 41ms (cache revalidated)
npm http fetch GET 200 https://registry.npmjs.org/caseless 50ms (cache revalidated)
npm http fetch GET 200 https://registry.npmjs.org/extend 49ms (cache revalidated)
npm http fetch GET 200 https://registry.npmjs.org/browser-stdout 630ms (cache revalidated)
npm http fetch GET 200 https://registry.npmjs.org/form-data 41ms (cache revalidated)
npm http fetch GET 200 https://registry.npmjs.org/forever-agent 51ms (cache revalidated)
npm http fetch GET 200 https://registry.npmjs.org/http-signature 34ms (cache revalidated)
npm http fetch GET 200 https://registry.npmjs.org/isstream 45ms (cache revalidated)
npm http fetch GET 200 https://registry.npmjs.org/is-typedarray 49ms (cache revalidated)
npm http fetch GET 200 https://registry.npmjs.org/json-stringify-safe 47ms (cache revalidated)
npm http fetch GET 200 https://registry.npmjs.org/mime-types 39ms (cache revalidated)
npm http fetch GET 200 https://registry.npmjs.org/oauth-sign 52ms (cache revalidated)
npm http fetch GET 200 https://registry.npmjs.org/safe-buffer 37ms (cache revalidated)
npm http fetch GET 200 https://registry.npmjs.org/qs 54ms (cache revalidated)
npm http fetch GET 200 https://registry.npmjs.org/workerpool 598ms (cache revalidated)
npm http fetch GET 200 https://registry.npmjs.org/tunnel-agent 39ms (cache revalidated)
npm http fetch GET 200 https://registry.npmjs.org/tough-cookie 50ms (cache revalidated)
npm http fetch GET 200 https://registry.npmjs.org/ajv 38ms (cache revalidated)
npm http fetch GET 200 https://registry.npmjs.org/slice-ansi 49ms (cache revalidated)
npm http fetch GET 200 https://registry.npmjs.org/boxen 41ms (cache revalidated)
npm http fetch GET 200 https://registry.npmjs.org/yargs-unparser 606ms (cache revalidated)
npm http fetch GET 200 https://registry.npmjs.org/is-npm 53ms (cache revalidated)
npm http fetch GET 200 https://registry.npmjs.org/import-lazy 108ms (cache revalidated)
npm http fetch GET 200 https://registry.npmjs.org/js-queue 646ms (cache revalidated)
npm http fetch GET 200 https://registry.npmjs.org/semver-diff 48ms (cache revalidated)
npm http fetch GET 200 https://registry.npmjs.org/xdg-basedir 76ms (cache revalidated)
npm http fetch GET 200 https://registry.npmjs.org/har-validator 615ms (cache revalidated)
npm http fetch GET 200 https://registry.npmjs.org/performance-now 606ms (cache revalidated)
npm http fetch GET 200 https://registry.npmjs.org/colors 43ms (cache revalidated)
npm http fetch GET 200 https://registry.npmjs.org/stack-trace 41ms (cache revalidated)
npm http fetch GET 200 https://registry.npmjs.org/pupa 605ms (cache revalidated)
npm http fetch GET 200 https://registry.npmjs.org/y18n 49ms (cache revalidated)
npm http fetch GET 200 https://registry.npmjs.org/cliui 43ms (cache revalidated)
npm http fetch GET 200 https://registry.npmjs.org/decamelize 48ms (cache revalidated)
npm http fetch GET 200 https://registry.npmjs.org/is-in-ci 599ms (cache revalidated)
npm http fetch GET 200 https://registry.npmjs.org/configstore 599ms (cache revalidated)
npm http fetch GET 200 https://registry.npmjs.org/get-caller-file 42ms (cache revalidated)
npm http fetch GET 200 https://registry.npmjs.org/require-main-filename 44ms (cache revalidated)
npm http fetch GET 200 https://registry.npmjs.org/require-directory 85ms (cache revalidated)
npm http fetch GET 200 https://registry.npmjs.org/latest-version 622ms (cache revalidated)
npm http fetch GET 200 https://registry.npmjs.org/eyes 591ms (cache revalidated)
npm http fetch GET 200 https://registry.npmjs.org/cycle 605ms (cache revalidated)
npm http fetch GET 200 https://registry.npmjs.org/which-module 598ms (cache revalidated)
npm http fetch GET 200 https://registry.npmjs.org/set-blocking 608ms (cache revalidated)
npm http fetch GET 200 https://registry.npmjs.org/lodash.isplainobject 46ms (cache revalidated)
npm http fetch GET 200 https://registry.npmjs.org/normalize-path 50ms (cache revalidated)
npm http fetch GET 200 https://registry.npmjs.org/lazystream 53ms (cache revalidated)
npm http fetch GET 200 https://registry.npmjs.org/lodash.flatten 82ms (cache revalidated)
npm http fetch GET 200 https://registry.npmjs.org/util-deprecate 37ms (cache revalidated)
npm http fetch GET 200 https://registry.npmjs.org/string_decoder 43ms (cache revalidated)
npm http fetch GET 200 https://registry.npmjs.org/bl 40ms (cache revalidated)
npm http fetch GET 200 https://registry.npmjs.org/compress-commons 38ms (cache revalidated)
npm http fetch GET 200 https://registry.npmjs.org/end-of-stream 56ms (cache revalidated)
npm http fetch GET 200 https://registry.npmjs.org/fs-constants 71ms (cache revalidated)
npm http fetch GET 200 https://registry.npmjs.org/lodash.difference 601ms (cache revalidated)
npm http fetch GET 200 https://registry.npmjs.org/lodash.defaults 605ms (cache revalidated)
npm http fetch GET 200 https://registry.npmjs.org/lodash.union 741ms (cache revalidated)
npm http fetch GET 200 https://registry.npmjs.org/core-util-is 37ms (cache revalidated)
npm http fetch GET 200 https://registry.npmjs.org/process-nextick-args 48ms (cache revalidated)
npm http fetch GET 200 https://registry.npmjs.org/isarray 659ms (cache revalidated)
npm http fetch GET 200 https://registry.npmjs.org/event-stream 47ms (cache revalidated)
npm http fetch GET 200 https://registry.npmjs.org/rimraf 51ms (cache revalidated)
npm http fetch GET 200 https://registry.npmjs.org/color-convert 37ms (cache revalidated)
npm http fetch GET 200 https://registry.npmjs.org/has-flag 40ms (cache revalidated)
npm http fetch GET 200 https://registry.npmjs.org/color-name 38ms (cache revalidated)
npm http fetch GET 200 https://registry.npmjs.org/strip-ansi 43ms (cache revalidated)
npm http fetch GET 200 https://registry.npmjs.org/is-fullwidth-code-point 45ms (cache revalidated)
npm http fetch GET 200 https://registry.npmjs.org/emoji-regex 51ms (cache revalidated)
npm http fetch GET 200 https://registry.npmjs.org/is-stream 36ms (cache revalidated)
npm http fetch GET 200 https://registry.npmjs.org/lodash.once 41ms (cache revalidated)
npm http fetch GET 200 https://registry.npmjs.org/ieee754 41ms (cache revalidated)
npm http fetch GET 200 https://registry.npmjs.org/onetime 46ms (cache revalidated)
npm http fetch GET 200 https://registry.npmjs.org/get-stream 39ms (cache revalidated)
npm http fetch GET 200 https://registry.npmjs.org/signal-exit 40ms (cache revalidated)
npm http fetch GET 200 https://registry.npmjs.org/merge-stream 43ms (cache revalidated)
npm http fetch GET 200 https://registry.npmjs.org/npm-run-path 33ms (cache revalidated)
npm http fetch GET 200 https://registry.npmjs.org/strip-final-newline 40ms (cache revalidated)
npm http fetch GET 200 https://registry.npmjs.org/human-signals 50ms (cache revalidated)
npm http fetch GET 200 https://registry.npmjs.org/at-least-node 36ms (cache revalidated)
npm http fetch GET 200 https://registry.npmjs.org/restore-cursor 602ms (cache revalidated)
npm http fetch GET 200 https://registry.npmjs.org/@colors%2fcolors 623ms (cache revalidated)
npm http fetch GET 200 https://registry.npmjs.org/base64-js 629ms (cache revalidated)
npm http fetch GET 200 https://registry.npmjs.org/cross-spawn 605ms (cache revalidated)
npm http fetch GET 200 https://registry.npmjs.org/rfdc 40ms (cache revalidated)
npm http fetch GET 200 https://registry.npmjs.org/rxjs 43ms (cache revalidated)
npm http fetch GET 200 https://registry.npmjs.org/is-path-inside 81ms (cache revalidated)
npm http fetch GET 200 https://registry.npmjs.org/through 55ms (cache revalidated)
npm http fetch GET 200 https://registry.npmjs.org/ci-info 594ms (cache revalidated)
npm http fetch GET 200 https://registry.npmjs.org/wrap-ansi 65ms (cache revalidated)
npm http fetch GET 200 https://registry.npmjs.org/colorette 69ms (cache revalidated)
npm http fetch GET 200 https://registry.npmjs.org/log-update 45ms (cache revalidated)
npm http fetch GET 200 https://registry.npmjs.org/cli-truncate 49ms (cache revalidated)
npm http fetch GET 200 https://registry.npmjs.org/global-dirs 625ms (cache revalidated)
npm http fetch GET 200 https://registry.npmjs.org/throttleit 48ms (cache revalidated)
npm http fetch GET 200 https://registry.npmjs.org/is-unicode-supported 52ms (cache revalidated)
npm http fetch GET 200 https://registry.npmjs.org/fd-slicer 37ms (cache revalidated)
npm http fetch GET 200 https://registry.npmjs.org/p-map 608ms (cache revalidated)
npm http fetch GET 200 https://registry.npmjs.org/@types%2fyauzl 1197ms (cache revalidated)
npm http fetch GET 200 https://registry.npmjs.org/assert-plus 41ms (cache revalidated)
npm http fetch GET 200 https://registry.npmjs.org/delayed-stream 42ms (cache revalidated)
npm http fetch GET 200 https://registry.npmjs.org/mime-db 42ms (cache revalidated)
npm http fetch GET 200 https://registry.npmjs.org/jsprim 44ms (cache revalidated)
npm http fetch GET 200 https://registry.npmjs.org/side-channel 51ms (cache revalidated)
npm http fetch GET 200 https://registry.npmjs.org/sshpk 55ms (cache revalidated)
npm http fetch GET 200 https://registry.npmjs.org/punycode 35ms (cache revalidated)
npm http fetch GET 200 https://registry.npmjs.org/url-parse 41ms (cache revalidated)
npm http fetch GET 200 https://registry.npmjs.org/psl 81ms (cache revalidated)
npm http fetch GET 200 https://registry.npmjs.org/asynckit 611ms (cache revalidated)
npm http fetch GET 200 https://registry.npmjs.org/escape-html 40ms (cache revalidated)
npm http fetch GET 200 https://registry.npmjs.org/dateformat 47ms (cache revalidated)
npm http fetch GET 200 https://registry.npmjs.org/lodash.isobject 52ms (cache revalidated)
npm http fetch GET 200 https://registry.npmjs.org/lodash.isstring 55ms (cache revalidated)
npm http fetch GET 200 https://registry.npmjs.org/lodash.isfunction 55ms (cache revalidated)
npm http fetch GET 200 https://registry.npmjs.org/validator 43ms (cache revalidated)
npm http fetch GET 200 https://registry.npmjs.org/lodash.isempty 630ms (cache revalidated)
npm http fetch GET 200 https://registry.npmjs.org/prop-types 601ms (cache revalidated)
npm http fetch GET 200 https://registry.npmjs.org/tcomb-validation 602ms (cache revalidated)
npm http fetch GET 200 https://registry.npmjs.org/fsu 658ms (cache revalidated)
npm http fetch GET 200 https://registry.npmjs.org/opener 624ms (cache revalidated)
npm http fetch GET 200 https://registry.npmjs.org/tcomb 631ms (cache revalidated)
npm http fetch GET 200 https://registry.npmjs.org/file-type 40ms (cache revalidated)
npm http fetch GET 200 https://registry.npmjs.org/file-type 47ms (cache revalidated)
npm http fetch GET 200 https://registry.npmjs.org/file-type 50ms (cache revalidated)
npm http fetch GET 200 https://registry.npmjs.org/unbzip2-stream 56ms (cache revalidated)
npm http fetch GET 200 https://registry.npmjs.org/is-natural-number 600ms (cache revalidated)
npm http fetch GET 200 https://registry.npmjs.org/seek-bzip 663ms (cache revalidated)
npm http fetch GET 200 https://registry.npmjs.org/xtend 41ms (cache revalidated)
npm http fetch GET 200 https://registry.npmjs.org/buffer-alloc 81ms (cache revalidated)
npm http fetch GET 200 https://registry.npmjs.org/to-buffer 652ms (cache revalidated)
npm http fetch GET 200 https://registry.npmjs.org/pinkie-promise 49ms (cache revalidated)
npm http fetch GET 200 https://registry.npmjs.org/object-assign 52ms (cache revalidated)
npm http fetch GET 200 https://registry.npmjs.org/ansi-regex 36ms (cache revalidated)
npm http fetch GET 200 https://registry.npmjs.org/pump 40ms (cache revalidated)
npm http fetch GET 200 https://registry.npmjs.org/shebang-command 54ms (cache revalidated)
npm http fetch GET 200 https://registry.npmjs.org/which 56ms (cache revalidated)
npm http fetch GET 200 https://registry.npmjs.org/mimic-fn 59ms (cache revalidated)
npm http fetch GET 200 https://registry.npmjs.org/path-key 602ms (cache revalidated)
npm http fetch GET 200 https://registry.npmjs.org/path-key 602ms (cache revalidated)
npm http fetch GET 200 https://registry.npmjs.org/shebang-regex 39ms (cache revalidated)
npm http fetch GET 200 https://registry.npmjs.org/isexe 38ms (cache revalidated)
npm http fetch GET 200 https://registry.npmjs.org/undici-types 62ms (cache revalidated)
npm http fetch GET 200 https://registry.npmjs.org/pinkie 838ms (cache revalidated)
npm http fetch GET 200 https://registry.npmjs.org/brace-expansion 42ms (cache revalidated)
npm http fetch GET 200 https://registry.npmjs.org/wrappy 44ms (cache revalidated)
npm http fetch GET 200 https://registry.npmjs.org/getpass 59ms (cache revalidated)
npm http fetch GET 200 https://registry.npmjs.org/safer-buffer 61ms (cache revalidated)
npm http fetch GET 200 https://registry.npmjs.org/asn1 63ms (cache revalidated)
npm http fetch GET 200 https://registry.npmjs.org/dashdash 64ms (cache revalidated)
npm http fetch GET 200 https://registry.npmjs.org/verror 65ms (cache revalidated)
npm http fetch GET 200 https://registry.npmjs.org/json-schema 83ms (cache revalidated)
npm http fetch GET 200 https://registry.npmjs.org/jsbn 41ms (cache revalidated)
npm http fetch GET 200 https://registry.npmjs.org/tweetnacl 41ms (cache revalidated)
npm http fetch GET 200 https://registry.npmjs.org/bcrypt-pbkdf 40ms (cache revalidated)
npm http fetch GET 200 https://registry.npmjs.org/ecc-jsbn 80ms (cache revalidated)
npm http fetch GET 200 https://registry.npmjs.org/extsprintf 611ms (cache revalidated)
npm http fetch GET 200 https://registry.npmjs.org/aggregate-error 37ms (cache revalidated)
npm http fetch GET 200 https://registry.npmjs.org/ansi-escapes 39ms (cache revalidated)
npm http fetch GET 200 https://registry.npmjs.org/tslib 40ms (cache revalidated)
npm http fetch GET 200 https://registry.npmjs.org/astral-regex 51ms (cache revalidated)
npm http fetch GET 200 https://registry.npmjs.org/type-fest 41ms (cache revalidated)
npm http fetch GET 200 https://registry.npmjs.org/concat-map 36ms (cache revalidated)
npm http fetch GET 200 https://registry.npmjs.org/balanced-match 46ms (cache revalidated)
npm http fetch GET 200 https://registry.npmjs.org/is-binary-path 41ms (cache revalidated)
npm http fetch GET 200 https://registry.npmjs.org/anymatch 42ms (cache revalidated)
npm http fetch GET 200 https://registry.npmjs.org/is-glob 44ms (cache revalidated)
npm http fetch GET 200 https://registry.npmjs.org/braces 46ms (cache revalidated)
npm http fetch GET 200 https://registry.npmjs.org/readdirp 49ms (cache revalidated)
npm http fetch GET 200 https://registry.npmjs.org/fsevents 53ms (cache revalidated)
npm http fetch GET 200 https://registry.npmjs.org/glob-parent 60ms (cache revalidated)
npm http fetch GET 200 https://registry.npmjs.org/argparse 46ms (cache revalidated)
npm http fetch GET 200 https://registry.npmjs.org/escalade 41ms (cache revalidated)
npm http fetch GET 200 https://registry.npmjs.org/randombytes 47ms (cache revalidated)
npm http fetch GET 200 https://registry.npmjs.org/locate-path 60ms (cache revalidated)
npm http fetch GET 200 https://registry.npmjs.org/camelcase 52ms (cache revalidated)
npm http fetch GET 200 https://registry.npmjs.org/is-plain-obj 50ms (cache revalidated)
npm http fetch GET 200 https://registry.npmjs.org/path-exists 111ms (cache revalidated)
npm http fetch GET 200 https://registry.npmjs.org/flat 610ms (cache revalidated)
npm http fetch GET 200 https://registry.npmjs.org/picomatch 39ms (cache revalidated)
npm http fetch GET 200 https://registry.npmjs.org/picomatch 43ms (cache revalidated)
npm http fetch GET 200 https://registry.npmjs.org/is-extglob 46ms (cache revalidated)
npm http fetch GET 200 https://registry.npmjs.org/fill-range 46ms (cache revalidated)
npm http fetch GET 200 https://registry.npmjs.org/binary-extensions 48ms (cache revalidated)
npm http fetch GET 200 https://registry.npmjs.org/to-regex-range 39ms (cache revalidated)
npm http fetch GET 200 https://registry.npmjs.org/is-number 41ms (cache revalidated)
npm http fetch GET 200 https://registry.npmjs.org/p-locate 98ms (cache revalidated)
npm http fetch GET 200 https://registry.npmjs.org/p-limit 41ms (cache revalidated)
npm http fetch GET 200 https://registry.npmjs.org/loose-envify 37ms (cache revalidated)
npm http fetch GET 200 https://registry.npmjs.org/react-is 649ms (cache revalidated)
npm http fetch GET 200 https://registry.npmjs.org/easy-stack 38ms (cache revalidated)
npm http fetch GET 200 https://registry.npmjs.org/yocto-queue 34ms (cache revalidated)
npm http fetch GET 200 https://registry.npmjs.org/indent-string 100ms (cache revalidated)
npm http fetch GET 200 https://registry.npmjs.org/clean-stack 600ms (cache revalidated)
npm http fetch GET 200 https://registry.npmjs.org/js-tokens 53ms (cache revalidated)
npm http fetch GET 200 https://registry.npmjs.org/stream-combiner 52ms (cache revalidated)
npm http fetch GET 200 https://registry.npmjs.org/pause-stream 111ms (cache revalidated)
npm http fetch GET 200 https://registry.npmjs.org/split 612ms (cache revalidated)
npm http fetch GET 200 https://registry.npmjs.org/from 626ms (cache revalidated)
npm http fetch GET 200 https://registry.npmjs.org/duplexer 653ms (cache revalidated)
npm http fetch GET 200 https://registry.npmjs.org/map-stream 738ms (cache revalidated)
npm http fetch GET 200 https://registry.npmjs.org/es-errors 34ms (cache revalidated)
npm http fetch GET 200 https://registry.npmjs.org/get-intrinsic 38ms (cache revalidated)
npm http fetch GET 200 https://registry.npmjs.org/object-inspect 46ms (cache revalidated)
npm http fetch GET 200 https://registry.npmjs.org/call-bind 52ms (cache revalidated)
npm http fetch GET 200 https://registry.npmjs.org/har-schema 61ms (cache revalidated)
npm http fetch GET 200 https://registry.npmjs.org/fast-deep-equal 37ms (cache revalidated)
npm http fetch GET 200 https://registry.npmjs.org/fast-json-stable-stringify 41ms (cache revalidated)
npm http fetch GET 200 https://registry.npmjs.org/uri-js 43ms (cache revalidated)
npm http fetch GET 200 https://registry.npmjs.org/json-schema-traverse 44ms (cache revalidated)
npm http fetch GET 200 https://registry.npmjs.org/function-bind 40ms (cache revalidated)
npm http fetch GET 200 https://registry.npmjs.org/has-symbols 40ms (cache revalidated)
npm http fetch GET 200 https://registry.npmjs.org/es-define-property 42ms (cache revalidated)
npm http fetch GET 200 https://registry.npmjs.org/set-function-length 43ms (cache revalidated)
npm http fetch GET 200 https://registry.npmjs.org/hasown 43ms (cache revalidated)
npm http fetch GET 200 https://registry.npmjs.org/has-proto 54ms (cache revalidated)
npm http fetch GET 200 https://registry.npmjs.org/gopd 37ms (cache revalidated)
npm http fetch GET 200 https://registry.npmjs.org/define-data-property 39ms (cache revalidated)
npm http fetch GET 200 https://registry.npmjs.org/has-property-descriptors 39ms (cache revalidated)
npm http fetch GET 200 https://registry.npmjs.org/requires-port 38ms (cache revalidated)
npm http fetch GET 200 https://registry.npmjs.org/querystringify 44ms (cache revalidated)
npm http fetch GET 200 https://registry.npmjs.org/ansi-align 44ms (cache revalidated)
npm http fetch GET 200 https://registry.npmjs.org/escape-goat 50ms (cache revalidated)
npm http fetch GET 200 https://registry.npmjs.org/write-file-atomic 603ms (cache revalidated)
npm http fetch GET 200 https://registry.npmjs.org/cli-boxes 607ms (cache revalidated)
npm http fetch GET 200 https://registry.npmjs.org/package-json 606ms (cache revalidated)
npm http fetch GET 200 https://registry.npmjs.org/dot-prop 608ms (cache revalidated)
npm http fetch GET 200 https://registry.npmjs.org/widest-line 611ms (cache revalidated)
npm http fetch GET 200 https://registry.npmjs.org/unique-string 648ms (cache revalidated)
npm http fetch GET 200 https://registry.npmjs.org/eastasianwidth 53ms (cache revalidated)
npm http fetch GET 200 https://registry.npmjs.org/imurmurhash 69ms (cache revalidated)
npm http fetch GET 200 https://registry.npmjs.org/is-obj 77ms (cache revalidated)
npm http fetch GET 200 https://registry.npmjs.org/typedarray-to-buffer 785ms (cache revalidated)
npm http fetch GET 200 https://registry.npmjs.org/crypto-random-string 787ms (cache revalidated)
npm http fetch GET 200 https://registry.npmjs.org/got 58ms (cache revalidated)
npm http fetch GET 200 https://registry.npmjs.org/registry-url 67ms (cache revalidated)
npm http fetch GET 200 https://registry.npmjs.org/registry-auth-token 598ms (cache revalidated)
npm http fetch GET 200 https://registry.npmjs.org/p-cancelable 59ms (cache revalidated)
npm http fetch GET 200 https://registry.npmjs.org/lowercase-keys 108ms (cache revalidated)
npm http fetch GET 200 https://registry.npmjs.org/responselike 604ms (cache revalidated)
npm http fetch GET 200 https://registry.npmjs.org/cacheable-lookup 609ms (cache revalidated)
npm http fetch GET 200 https://registry.npmjs.org/http2-wrapper 617ms (cache revalidated)
npm http fetch GET 200 https://registry.npmjs.org/@sindresorhus%2fis 630ms (cache revalidated)
npm http fetch GET 200 https://registry.npmjs.org/rc 51ms (cache revalidated)
npm http fetch GET 200 https://registry.npmjs.org/form-data-encoder 613ms (cache revalidated)
npm http fetch GET 200 https://registry.npmjs.org/@szmarczak%2fhttp-timer 87ms (cache revalidated)
npm http fetch GET 200 https://registry.npmjs.org/decompress-response 625ms (cache revalidated)
npm http fetch GET 200 https://registry.npmjs.org/cacheable-request 739ms (cache revalidated)
npm http fetch GET 200 https://registry.npmjs.org/@pnpm%2fnpm-conf 322ms (cache revalidated)
npm http fetch GET 200 https://registry.npmjs.org/http-cache-semantics 41ms (cache revalidated)
npm http fetch GET 200 https://registry.npmjs.org/mimic-response 44ms (cache revalidated)
npm http fetch GET 200 https://registry.npmjs.org/mimic-response 45ms (cache revalidated)
npm http fetch GET 200 https://registry.npmjs.org/defer-to-connect 47ms (cache revalidated)
npm http fetch GET 200 https://registry.npmjs.org/keyv 57ms (cache revalidated)
npm http fetch GET 200 https://registry.npmjs.org/resolve-alpn 41ms (cache revalidated)
npm http fetch GET 200 https://registry.npmjs.org/normalize-url 607ms (cache revalidated)
npm http fetch GET 200 https://registry.npmjs.org/@types%2fhttp-cache-semantics 620ms (cache revalidated)
npm http fetch GET 200 https://registry.npmjs.org/quick-lru 614ms (cache revalidated)
npm http fetch GET 200 https://registry.npmjs.org/json-buffer 39ms (cache revalidated)
npm http fetch GET 200 https://registry.npmjs.org/@pnpm%2fnetwork.ca-file 368ms (cache revalidated)
npm http fetch GET 200 https://registry.npmjs.org/config-chain 609ms (cache revalidated)
npm http fetch GET 200 https://registry.npmjs.org/@pnpm%2fconfig.env-replace 792ms (cache revalidated)
npm http fetch GET 200 https://registry.npmjs.org/proto-list 46ms (cache revalidated)
npm http fetch GET 200 https://registry.npmjs.org/deep-extend 597ms (cache revalidated)
npm http fetch GET 200 https://registry.npmjs.org/pend 79ms (cache revalidated)
npm http fetch GET 200 https://registry.npmjs.org/crc32-stream 34ms (cache revalidated)
npm http fetch GET 200 https://registry.npmjs.org/crc-32 37ms (cache revalidated)
npm http fetch GET 200 https://registry.npmjs.org/buffer-fill 120ms (cache revalidated)
npm http fetch GET 200 https://registry.npmjs.org/buffer-alloc-unsafe 602ms (cache revalidated)
npm http fetch GET 200 https://registry.npmjs.org/p-try 40ms (cache revalidated)
npm http fetch POST 200 https://registry.npmjs.org/-/npm/v1/security/advisories/bulk 338ms
npm WARN deprecated inflight@1.0.6: This module is not supported, and leaks memory. Do not use it. Check out lru-cache if you want a good and tested way to coalesce async requests by a key value, which is much more comprehensive and powerful.
npm WARN deprecated rimraf@2.5.4: Rimraf versions prior to v4 are no longer supported
npm WARN deprecated har-validator@5.1.5: this library is no longer supported
npm WARN deprecated glob@7.2.3: Glob versions prior to v9 are no longer supported
npm WARN deprecated glob@8.1.0: Glob versions prior to v9 are no longer supported
npm WARN deprecated uuid@3.4.0: Please upgrade  to version 7 or higher.  Older versions may use Math.random() in certain circumstances, which is known to be problematic.  See https://v8.dev/blog/math-random for details.
npm WARN deprecated request@2.88.2: request has been deprecated, see https://github.com/request/request/issues/3142
npm info run fsevents@2.3.3 install node_modules/fsevents node-gyp rebuild
npm info run fsevents@2.3.3 install { code: 1, signal: null }
npm verb reify failed optional dependency /Users/kai/Library/Mobile Documents/com~apple~CloudDocs/Documents/projects/pessoal/pgats/automacao-web/tmpBstackPackages/node_modules/fsevents
npm info run cypress@13.13.2 postinstall node_modules/cypress node index.js --exec install
npm info run cypress@13.13.2 postinstall { code: 0, signal: null }

added 500 packages, and audited 501 packages in 27s

95 packages are looking for funding
  run `npm fund` for details

3 moderate severity vulnerabilities

To address all issues (including breaking changes), run:
  npm audit fix --force

Run `npm audit` for details.
npm verb exit 0
npm info ok 
